# JRE version: Java(TM) SE Runtime Environment (18.0.1.1+2) (build 18.0.1.1+2-6)
# Java VM: Java HotSpot(TM) 64-Bit Server VM (18.0.1.1+2-6, mixed mode, sharing, tiered, compressed oops, compressed class ptrs, g1 gc, windows-amd64)
GC Precious Log:
 CardTable entry size: 512
 Card Set container configuration: InlinePtr #cards 4 size 8 Array Of Cards #cards 16 size 48 Howl #buckets 8 coarsen threshold 3686 Howl Bitmap #cards 512 size 80 coarsen threshold 460 Card regions per heap region 1 cards per card region 4096
 CPUs: 16 total, 16 available
 Memory: 16236M
 Large Page Support: Disabled
 NUMA Support: Disabled
 Compressed Oops: Enabled (Zero based)
 Heap Region Size: 2M
 Heap Min Capacity: 8M
 Heap Initial Capacity: 254M
 Heap Max Capacity: 4060M
 Pre-touch: Disabled
 Parallel Workers: 13
 Concurrent Workers: 3
 Concurrent Refinement Workers: 13
 Periodic GC: Disabled
Heap:
 garbage-first heap   total 260096K, used 136557K [0x0000000702400000, 0x0000000800000000)
  region size 2048K, 2 young (4096K), 2 survivors (4096K)
 Metaspace       used 8826K, committed 9088K, reserved 1114112K
  class space    used 1116K, committed 1216K, reserved 1048576K
GC Heap History (15 events):
Event: 0.604 GC heap before
{Heap before GC invocations=0 (full 0):
 garbage-first heap   total 260096K, used 20480K [0x0000000702400000, 0x0000000800000000)
  region size 2048K, 11 young (22528K), 0 survivors (0K)
 Metaspace       used 4386K, committed 4608K, reserved 1114112K
  class space    used 492K, committed 576K, reserved 1048576K
}
Event: 0.606 GC heap after
{Heap after GC invocations=1 (full 0):
 garbage-first heap   total 260096K, used 2879K [0x0000000702400000, 0x0000000800000000)
  region size 2048K, 2 young (4096K), 2 survivors (4096K)
 Metaspace       used 4386K, committed 4608K, reserved 1114112K
  class space    used 492K, committed 576K, reserved 1048576K
}
Event: 1.130 GC heap before
{Heap before GC invocations=1 (full 0):
 garbage-first heap   total 260096K, used 146239K [0x0000000702400000, 0x0000000800000000)
  region size 2048K, 20 young (40960K), 2 survivors (4096K)
 Metaspace       used 8826K, committed 9088K, reserved 1114112K
  class space    used 1116K, committed 1216K, reserved 1048576K
}
Event: 1.134 GC heap after
{Heap after GC invocations=2 (full 0):
 garbage-first heap   total 260096K, used 109572K [0x0000000702400000, 0x0000000800000000)
  region size 2048K, 3 young (6144K), 3 survivors (6144K)
 Metaspace       used 8826K, committed 9088K, reserved 1114112K
  class space    used 1116K, committed 1216K, reserved 1048576K
}
Event: 1.154 GC heap before
{Heap before GC invocations=2 (full 0):
 garbage-first heap   total 260096K, used 123908K [0x0000000702400000, 0x0000000800000000)
  region size 2048K, 5 young (10240K), 3 survivors (6144K)
 Metaspace       used 8826K, committed 9088K, reserved 1114112K
  class space    used 1116K, committed 1216K, reserved 1048576K
}
Event: 1.157 GC heap after
{Heap after GC invocations=3 (full 0):
 garbage-first heap   total 260096K, used 122373K [0x0000000702400000, 0x0000000800000000)
  region size 2048K, 3 young (6144K), 3 survivors (6144K)
 Metaspace       used 8826K, committed 9088K, reserved 1114112K
  class space    used 1116K, committed 1216K, reserved 1048576K
}
Event: 1.160 GC heap before
{Heap before GC invocations=3 (full 0):
 garbage-first heap   total 260096K, used 124421K [0x0000000702400000, 0x0000000800000000)
  region size 2048K, 4 young (8192K), 3 survivors (6144K)
 Metaspace       used 8826K, committed 9088K, reserved 1114112K
  class space    used 1116K, committed 1216K, reserved 1048576K
}
Event: 1.163 GC heap after
{Heap after GC invocations=4 (full 0):
 garbage-first heap   total 260096K, used 124460K [0x0000000702400000, 0x0000000800000000)
  region size 2048K, 3 young (6144K), 3 survivors (6144K)
 Metaspace       used 8826K, committed 9088K, reserved 1114112K
  class space    used 1116K, committed 1216K, reserved 1048576K
}
Event: 1.167 GC heap before
{Heap before GC invocations=5 (full 0):
 garbage-first heap   total 260096K, used 126508K [0x0000000702400000, 0x0000000800000000)
  region size 2048K, 4 young (8192K), 3 survivors (6144K)
 Metaspace       used 8826K, committed 9088K, reserved 1114112K
  class space    used 1116K, committed 1216K, reserved 1048576K
}
Event: 1.170 GC heap after
{Heap after GC invocations=6 (full 0):
 garbage-first heap   total 260096K, used 126623K [0x0000000702400000, 0x0000000800000000)
  region size 2048K, 2 young (4096K), 2 survivors (4096K)
 Metaspace       used 8826K, committed 9088K, reserved 1114112K
  class space    used 1116K, committed 1216K, reserved 1048576K
}
Event: 1.174 GC heap before
{Heap before GC invocations=7 (full 0):
 garbage-first heap   total 260096K, used 128671K [0x0000000702400000, 0x0000000800000000)
  region size 2048K, 3 young (6144K), 2 survivors (4096K)
 Metaspace       used 8826K, committed 9088K, reserved 1114112K
  class space    used 1116K, committed 1216K, reserved 1048576K
}
Event: 1.176 GC heap after
{Heap after GC invocations=8 (full 0):
 garbage-first heap   total 260096K, used 128655K [0x0000000702400000, 0x0000000800000000)
  region size 2048K, 2 young (4096K), 2 survivors (4096K)
 Metaspace       used 8826K, committed 9088K, reserved 1114112K
  class space    used 1116K, committed 1216K, reserved 1048576K
}
Event: 1.184 GC heap before
{Heap before GC invocations=9 (full 0):
 garbage-first heap   total 260096K, used 132751K [0x0000000702400000, 0x0000000800000000)
  region size 2048K, 3 young (6144K), 2 survivors (4096K)
 Metaspace       used 8826K, committed 9088K, reserved 1114112K
  class space    used 1116K, committed 1216K, reserved 1048576K
}
Event: 1.185 GC heap after
{Heap after GC invocations=10 (full 0):
 garbage-first heap   total 260096K, used 132566K [0x0000000702400000, 0x0000000800000000)
  region size 2048K, 2 young (4096K), 2 survivors (4096K)
 Metaspace       used 8826K, committed 9088K, reserved 1114112K
  class space    used 1116K, committed 1216K, reserved 1048576K
}
Event: 1.192 GC heap before
{Heap before GC invocations=11 (full 0):
 garbage-first heap   total 260096K, used 136662K [0x0000000702400000, 0x0000000800000000)
  region size 2048K, 3 young (6144K), 2 survivors (4096K)
 Metaspace       used 8826K, committed 9088K, reserved 1114112K
  class space    used 1116K, committed 1216K, reserved 1048576K
}

