# JRE version: Java(TM) SE Runtime Environment (18.0.1.1+2) (build 18.0.1.1+2-6)
# Java VM: Java HotSpot(TM) 64-Bit Server VM (18.0.1.1+2-6, mixed mode, sharing, tiered, compressed oops, compressed class ptrs, g1 gc, windows-amd64)
GC Precious Log:
 CardTable entry size: 512
 Card Set container configuration: InlinePtr #cards 4 size 8 Array Of Cards #cards 16 size 48 Howl #buckets 8 coarsen threshold 3686 Howl Bitmap #cards 512 size 80 coarsen threshold 460 Card regions per heap region 1 cards per card region 4096
 CPUs: 16 total, 16 available
 Memory: 16236M
 Large Page Support: Disabled
 NUMA Support: Disabled
 Compressed Oops: Enabled (Zero based)
 Heap Region Size: 2M
 Heap Min Capacity: 8M
 Heap Initial Capacity: 254M
 Heap Max Capacity: 4060M
 Pre-touch: Disabled
 Parallel Workers: 13
 Concurrent Workers: 3
 Concurrent Refinement Workers: 13
 Periodic GC: Disabled
Heap:
 garbage-first heap   total 460800K, used 218621K [0x0000000702400000, 0x0000000800000000)
  region size 2048K, 2 young (4096K), 2 survivors (4096K)
 Metaspace       used 8866K, committed 9088K, reserved 1114112K
  class space    used 1130K, committed 1216K, reserved 1048576K
GC Heap History (20 events):
Event: 1.074 GC heap after
{Heap after GC invocations=4 (full 0):
 garbage-first heap   total 260096K, used 124558K [0x0000000702400000, 0x0000000800000000)
  region size 2048K, 3 young (6144K), 3 survivors (6144K)
 Metaspace       used 8827K, committed 9088K, reserved 1114112K
  class space    used 1117K, committed 1216K, reserved 1048576K
}
Event: 1.078 GC heap before
{Heap before GC invocations=5 (full 0):
 garbage-first heap   total 260096K, used 126606K [0x0000000702400000, 0x0000000800000000)
  region size 2048K, 4 young (8192K), 3 survivors (6144K)
 Metaspace       used 8827K, committed 9088K, reserved 1114112K
  class space    used 1117K, committed 1216K, reserved 1048576K
}
Event: 1.081 GC heap after
{Heap after GC invocations=6 (full 0):
 garbage-first heap   total 260096K, used 126669K [0x0000000702400000, 0x0000000800000000)
  region size 2048K, 3 young (6144K), 3 survivors (6144K)
 Metaspace       used 8827K, committed 9088K, reserved 1114112K
  class space    used 1117K, committed 1216K, reserved 1048576K
}
Event: 1.085 GC heap before
{Heap before GC invocations=7 (full 0):
 garbage-first heap   total 260096K, used 128717K [0x0000000702400000, 0x0000000800000000)
  region size 2048K, 4 young (8192K), 3 survivors (6144K)
 Metaspace       used 8827K, committed 9088K, reserved 1114112K
  class space    used 1117K, committed 1216K, reserved 1048576K
}
Event: 1.088 GC heap after
{Heap after GC invocations=8 (full 0):
 garbage-first heap   total 260096K, used 128639K [0x0000000702400000, 0x0000000800000000)
  region size 2048K, 2 young (4096K), 2 survivors (4096K)
 Metaspace       used 8827K, committed 9088K, reserved 1114112K
  class space    used 1117K, committed 1216K, reserved 1048576K
}
Event: 1.092 GC heap before
{Heap before GC invocations=9 (full 0):
 garbage-first heap   total 260096K, used 130687K [0x0000000702400000, 0x0000000800000000)
  region size 2048K, 3 young (6144K), 2 survivors (4096K)
 Metaspace       used 8827K, committed 9088K, reserved 1114112K
  class space    used 1117K, committed 1216K, reserved 1048576K
}
Event: 1.093 GC heap after
{Heap after GC invocations=10 (full 0):
 garbage-first heap   total 260096K, used 130676K [0x0000000702400000, 0x0000000800000000)
  region size 2048K, 2 young (4096K), 2 survivors (4096K)
 Metaspace       used 8827K, committed 9088K, reserved 1114112K
  class space    used 1117K, committed 1216K, reserved 1048576K
}
Event: 1.100 GC heap before
{Heap before GC invocations=11 (full 0):
 garbage-first heap   total 260096K, used 134772K [0x0000000702400000, 0x0000000800000000)
  region size 2048K, 3 young (6144K), 2 survivors (4096K)
 Metaspace       used 8827K, committed 9088K, reserved 1114112K
  class space    used 1117K, committed 1216K, reserved 1048576K
}
Event: 1.101 GC heap after
{Heap after GC invocations=12 (full 0):
 garbage-first heap   total 260096K, used 134676K [0x0000000702400000, 0x0000000800000000)
  region size 2048K, 2 young (4096K), 2 survivors (4096K)
 Metaspace       used 8827K, committed 9088K, reserved 1114112K
  class space    used 1117K, committed 1216K, reserved 1048576K
}
Event: 1.109 GC heap before
{Heap before GC invocations=13 (full 0):
 garbage-first heap   total 260096K, used 138772K [0x0000000702400000, 0x0000000800000000)
  region size 2048K, 3 young (6144K), 2 survivors (4096K)
 Metaspace       used 8827K, committed 9088K, reserved 1114112K
  class space    used 1117K, committed 1216K, reserved 1048576K
}
Event: 1.111 GC heap after
{Heap after GC invocations=14 (full 0):
 garbage-first heap   total 460800K, used 138747K [0x0000000702400000, 0x0000000800000000)
  region size 2048K, 2 young (4096K), 2 survivors (4096K)
 Metaspace       used 8827K, committed 9088K, reserved 1114112K
  class space    used 1117K, committed 1216K, reserved 1048576K
}
Event: 1.316 GC heap before
{Heap before GC invocations=14 (full 0):
 garbage-first heap   total 460800K, used 220667K [0x0000000702400000, 0x0000000800000000)
  region size 2048K, 10 young (20480K), 2 survivors (4096K)
 Metaspace       used 8866K, committed 9088K, reserved 1114112K
  class space    used 1130K, committed 1216K, reserved 1048576K
}
Event: 1.319 GC heap after
{Heap after GC invocations=15 (full 0):
 garbage-first heap   total 460800K, used 206366K [0x0000000702400000, 0x0000000800000000)
  region size 2048K, 2 young (4096K), 2 survivors (4096K)
 Metaspace       used 8866K, committed 9088K, reserved 1114112K
  class space    used 1130K, committed 1216K, reserved 1048576K
}
Event: 1.321 GC heap before
{Heap before GC invocations=15 (full 0):
 garbage-first heap   total 460800K, used 208414K [0x0000000702400000, 0x0000000800000000)
  region size 2048K, 3 young (6144K), 2 survivors (4096K)
 Metaspace       used 8866K, committed 9088K, reserved 1114112K
  class space    used 1130K, committed 1216K, reserved 1048576K
}
Event: 1.322 GC heap after
{Heap after GC invocations=16 (full 0):
 garbage-first heap   total 460800K, used 208338K [0x0000000702400000, 0x0000000800000000)
  region size 2048K, 2 young (4096K), 2 survivors (4096K)
 Metaspace       used 8866K, committed 9088K, reserved 1114112K
  class space    used 1130K, committed 1216K, reserved 1048576K
}
Event: 1.325 GC heap before
{Heap before GC invocations=16 (full 0):
 garbage-first heap   total 460800K, used 210386K [0x0000000702400000, 0x0000000800000000)
  region size 2048K, 3 young (6144K), 2 survivors (4096K)
 Metaspace       used 8866K, committed 9088K, reserved 1114112K
  class space    used 1130K, committed 1216K, reserved 1048576K
}
Event: 1.326 GC heap after
{Heap after GC invocations=17 (full 0):
 garbage-first heap   total 460800K, used 210429K [0x0000000702400000, 0x0000000800000000)
  region size 2048K, 2 young (4096K), 2 survivors (4096K)
 Metaspace       used 8866K, committed 9088K, reserved 1114112K
  class space    used 1130K, committed 1216K, reserved 1048576K
}
Event: 1.332 GC heap before
{Heap before GC invocations=18 (full 0):
 garbage-first heap   total 460800K, used 214525K [0x0000000702400000, 0x0000000800000000)
  region size 2048K, 3 young (6144K), 2 survivors (4096K)
 Metaspace       used 8866K, committed 9088K, reserved 1114112K
  class space    used 1130K, committed 1216K, reserved 1048576K
}
Event: 1.333 GC heap after
{Heap after GC invocations=19 (full 0):
 garbage-first heap   total 460800K, used 214606K [0x0000000702400000, 0x0000000800000000)
  region size 2048K, 2 young (4096K), 2 survivors (4096K)
 Metaspace       used 8866K, committed 9088K, reserved 1114112K
  class space    used 1130K, committed 1216K, reserved 1048576K
}
Event: 1.338 GC heap before
{Heap before GC invocations=20 (full 0):
 garbage-first heap   total 460800K, used 218702K [0x0000000702400000, 0x0000000800000000)
  region size 2048K, 3 young (6144K), 2 survivors (4096K)
 Metaspace       used 8866K, committed 9088K, reserved 1114112K
  class space    used 1130K, committed 1216K, reserved 1048576K
}

