# JRE version: Java(TM) SE Runtime Environment (18.0.1.1+2) (build 18.0.1.1+2-6)
# Java VM: Java HotSpot(TM) 64-Bit Server VM (18.0.1.1+2-6, mixed mode, sharing, tiered, compressed oops, compressed class ptrs, g1 gc, windows-amd64)
GC Precious Log:
 CardTable entry size: 512
 Card Set container configuration: InlinePtr #cards 4 size 8 Array Of Cards #cards 16 size 48 Howl #buckets 8 coarsen threshold 3686 Howl Bitmap #cards 512 size 80 coarsen threshold 460 Card regions per heap region 1 cards per card region 4096
 CPUs: 16 total, 16 available
 Memory: 16236M
 Large Page Support: Disabled
 NUMA Support: Disabled
 Compressed Oops: Enabled (Zero based)
 Heap Region Size: 2M
 Heap Min Capacity: 8M
 Heap Initial Capacity: 254M
 Heap Max Capacity: 4060M
 Pre-touch: Disabled
 Parallel Workers: 13
 Concurrent Workers: 3
 Concurrent Refinement Workers: 13
 Periodic GC: Disabled
Heap:
 garbage-first heap   total 1091584K, used 508729K [0x0000000702400000, 0x0000000800000000)
  region size 2048K, 3 young (6144K), 3 survivors (6144K)
 Metaspace       used 23882K, committed 24320K, reserved 1114112K
  class space    used 3256K, committed 3456K, reserved 1048576K
GC Heap History (20 events):
Event: 1.132 GC heap after
{Heap after GC invocations=12 (full 0):
 garbage-first heap   total 432128K, used 132651K [0x0000000702400000, 0x0000000800000000)
  region size 2048K, 2 young (4096K), 2 survivors (4096K)
 Metaspace       used 8845K, committed 9088K, reserved 1114112K
  class space    used 1120K, committed 1216K, reserved 1048576K
}
Event: 1.284 GC heap before
{Heap before GC invocations=12 (full 0):
 garbage-first heap   total 432128K, used 206379K [0x0000000702400000, 0x0000000800000000)
  region size 2048K, 9 young (18432K), 2 survivors (4096K)
 Metaspace       used 8866K, committed 9088K, reserved 1114112K
  class space    used 1131K, committed 1216K, reserved 1048576K
}
Event: 1.286 GC heap after
{Heap after GC invocations=13 (full 0):
 garbage-first heap   total 432128K, used 194028K [0x0000000702400000, 0x0000000800000000)
  region size 2048K, 2 young (4096K), 2 survivors (4096K)
 Metaspace       used 8866K, committed 9088K, reserved 1114112K
  class space    used 1131K, committed 1216K, reserved 1048576K
}
Event: 1.288 GC heap before
{Heap before GC invocations=13 (full 0):
 garbage-first heap   total 432128K, used 196076K [0x0000000702400000, 0x0000000800000000)
  region size 2048K, 3 young (6144K), 2 survivors (4096K)
 Metaspace       used 8866K, committed 9088K, reserved 1114112K
  class space    used 1131K, committed 1216K, reserved 1048576K
}
Event: 1.290 GC heap after
{Heap after GC invocations=14 (full 0):
 garbage-first heap   total 432128K, used 196116K [0x0000000702400000, 0x0000000800000000)
  region size 2048K, 2 young (4096K), 2 survivors (4096K)
 Metaspace       used 8866K, committed 9088K, reserved 1114112K
  class space    used 1131K, committed 1216K, reserved 1048576K
}
Event: 1.297 GC heap before
{Heap before GC invocations=15 (full 0):
 garbage-first heap   total 432128K, used 200212K [0x0000000702400000, 0x0000000800000000)
  region size 2048K, 3 young (6144K), 2 survivors (4096K)
 Metaspace       used 8866K, committed 9088K, reserved 1114112K
  class space    used 1131K, committed 1216K, reserved 1048576K
}
Event: 1.299 GC heap after
{Heap after GC invocations=16 (full 0):
 garbage-first heap   total 432128K, used 200213K [0x0000000702400000, 0x0000000800000000)
  region size 2048K, 2 young (4096K), 2 survivors (4096K)
 Metaspace       used 8866K, committed 9088K, reserved 1114112K
  class space    used 1131K, committed 1216K, reserved 1048576K
}
Event: 1.305 GC heap before
{Heap before GC invocations=17 (full 0):
 garbage-first heap   total 432128K, used 204309K [0x0000000702400000, 0x0000000800000000)
  region size 2048K, 3 young (6144K), 2 survivors (4096K)
 Metaspace       used 8866K, committed 9088K, reserved 1114112K
  class space    used 1131K, committed 1216K, reserved 1048576K
}
Event: 1.306 GC heap after
{Heap after GC invocations=18 (full 0):
 garbage-first heap   total 432128K, used 204351K [0x0000000702400000, 0x0000000800000000)
  region size 2048K, 2 young (4096K), 2 survivors (4096K)
 Metaspace       used 8866K, committed 9088K, reserved 1114112K
  class space    used 1131K, committed 1216K, reserved 1048576K
}
Event: 1.313 GC heap before
{Heap before GC invocations=19 (full 0):
 garbage-first heap   total 432128K, used 208447K [0x0000000702400000, 0x0000000800000000)
  region size 2048K, 3 young (6144K), 2 survivors (4096K)
 Metaspace       used 8866K, committed 9088K, reserved 1114112K
  class space    used 1131K, committed 1216K, reserved 1048576K
}
Event: 1.317 GC heap after
{Heap after GC invocations=20 (full 0):
 garbage-first heap   total 1091584K, used 208323K [0x0000000702400000, 0x0000000800000000)
  region size 2048K, 2 young (4096K), 2 survivors (4096K)
 Metaspace       used 8866K, committed 9088K, reserved 1114112K
  class space    used 1131K, committed 1216K, reserved 1048576K
}
Event: 3.093 GC heap before
{Heap before GC invocations=20 (full 0):
 garbage-first heap   total 1091584K, used 402883K [0x0000000702400000, 0x0000000800000000)
  region size 2048K, 35 young (71680K), 2 survivors (4096K)
 Metaspace       used 21226K, committed 21504K, reserved 1114112K
  class space    used 2894K, committed 3072K, reserved 1048576K
}
Event: 3.097 GC heap after
{Heap after GC invocations=21 (full 0):
 garbage-first heap   total 1091584K, used 339272K [0x0000000702400000, 0x0000000800000000)
  region size 2048K, 4 young (8192K), 4 survivors (8192K)
 Metaspace       used 21226K, committed 21504K, reserved 1114112K
  class space    used 2894K, committed 3072K, reserved 1048576K
}
Event: 3.536 GC heap before
{Heap before GC invocations=22 (full 0):
 garbage-first heap   total 1091584K, used 535880K [0x0000000702400000, 0x0000000800000000)
  region size 2048K, 25 young (51200K), 4 survivors (8192K)
 Metaspace       used 23882K, committed 24320K, reserved 1114112K
  class space    used 3256K, committed 3456K, reserved 1048576K
}
Event: 3.539 GC heap after
{Heap after GC invocations=23 (full 0):
 garbage-first heap   total 1091584K, used 496334K [0x0000000702400000, 0x0000000800000000)
  region size 2048K, 4 young (8192K), 4 survivors (8192K)
 Metaspace       used 23882K, committed 24320K, reserved 1114112K
  class space    used 3256K, committed 3456K, reserved 1048576K
}
Event: 3.541 GC heap before
{Heap before GC invocations=23 (full 0):
 garbage-first heap   total 1091584K, used 498382K [0x0000000702400000, 0x0000000800000000)
  region size 2048K, 5 young (10240K), 4 survivors (8192K)
 Metaspace       used 23882K, committed 24320K, reserved 1114112K
  class space    used 3256K, committed 3456K, reserved 1048576K
}
Event: 3.544 GC heap after
{Heap after GC invocations=24 (full 0):
 garbage-first heap   total 1091584K, used 498370K [0x0000000702400000, 0x0000000800000000)
  region size 2048K, 4 young (8192K), 4 survivors (8192K)
 Metaspace       used 23882K, committed 24320K, reserved 1114112K
  class space    used 3256K, committed 3456K, reserved 1048576K
}
Event: 3.555 GC heap before
{Heap before GC invocations=25 (full 0):
 garbage-first heap   total 1091584K, used 504514K [0x0000000702400000, 0x0000000800000000)
  region size 2048K, 5 young (10240K), 4 survivors (8192K)
 Metaspace       used 23882K, committed 24320K, reserved 1114112K
  class space    used 3256K, committed 3456K, reserved 1048576K
}
Event: 3.558 GC heap after
{Heap after GC invocations=26 (full 0):
 garbage-first heap   total 1091584K, used 504537K [0x0000000702400000, 0x0000000800000000)
  region size 2048K, 3 young (6144K), 3 survivors (6144K)
 Metaspace       used 23882K, committed 24320K, reserved 1114112K
  class space    used 3256K, committed 3456K, reserved 1048576K
}
Event: 3.566 GC heap before
{Heap before GC invocations=27 (full 0):
 garbage-first heap   total 1091584K, used 508633K [0x0000000702400000, 0x0000000800000000)
  region size 2048K, 4 young (8192K), 3 survivors (6144K)
 Metaspace       used 23882K, committed 24320K, reserved 1114112K
  class space    used 3256K, committed 3456K, reserved 1048576K
}

