# JRE version: Java(TM) SE Runtime Environment (18.0.1.1+2) (build 18.0.1.1+2-6)
# Java VM: Java HotSpot(TM) 64-Bit Server VM (18.0.1.1+2-6, mixed mode, sharing, tiered, compressed oops, compressed class ptrs, g1 gc, windows-amd64)
GC Precious Log:
 CardTable entry size: 512
 Card Set container configuration: InlinePtr #cards 4 size 8 Array Of Cards #cards 16 size 48 Howl #buckets 8 coarsen threshold 3686 Howl Bitmap #cards 512 size 80 coarsen threshold 460 Card regions per heap region 1 cards per card region 4096
 CPUs: 16 total, 16 available
 Memory: 16236M
 Large Page Support: Disabled
 NUMA Support: Disabled
 Compressed Oops: Enabled (Zero based)
 Heap Region Size: 2M
 Heap Min Capacity: 8M
 Heap Initial Capacity: 254M
 Heap Max Capacity: 4060M
 Pre-touch: Disabled
 Parallel Workers: 13
 Concurrent Workers: 3
 Concurrent Refinement Workers: 13
 Periodic GC: Disabled
Heap:
 garbage-first heap   total 520192K, used 249286K [0x0000000702400000, 0x0000000800000000)
  region size 2048K, 2 young (4096K), 2 survivors (4096K)
 Metaspace       used 8890K, committed 9088K, reserved 1114112K
  class space    used 1132K, committed 1216K, reserved 1048576K
GC Heap History (20 events):
Event: 1.022 GC heap after
{Heap after GC invocations=2 (full 0):
 garbage-first heap   total 260096K, used 117736K [0x0000000702400000, 0x0000000800000000)
  region size 2048K, 3 young (6144K), 3 survivors (6144K)
 Metaspace       used 8827K, committed 9088K, reserved 1114112K
  class space    used 1118K, committed 1216K, reserved 1048576K
}
Event: 1.030 GC heap before
{Heap before GC invocations=2 (full 0):
 garbage-first heap   total 260096K, used 121832K [0x0000000702400000, 0x0000000800000000)
  region size 2048K, 4 young (8192K), 3 survivors (6144K)
 Metaspace       used 8827K, committed 9088K, reserved 1114112K
  class space    used 1118K, committed 1216K, reserved 1048576K
}
Event: 1.034 GC heap after
{Heap after GC invocations=3 (full 0):
 garbage-first heap   total 260096K, used 122380K [0x0000000702400000, 0x0000000800000000)
  region size 2048K, 3 young (6144K), 3 survivors (6144K)
 Metaspace       used 8827K, committed 9088K, reserved 1114112K
  class space    used 1118K, committed 1216K, reserved 1048576K
}
Event: 1.037 GC heap before
{Heap before GC invocations=3 (full 0):
 garbage-first heap   total 260096K, used 124428K [0x0000000702400000, 0x0000000800000000)
  region size 2048K, 4 young (8192K), 3 survivors (6144K)
 Metaspace       used 8827K, committed 9088K, reserved 1114112K
  class space    used 1118K, committed 1216K, reserved 1048576K
}
Event: 1.041 GC heap after
{Heap after GC invocations=4 (full 0):
 garbage-first heap   total 260096K, used 124479K [0x0000000702400000, 0x0000000800000000)
  region size 2048K, 2 young (4096K), 2 survivors (4096K)
 Metaspace       used 8827K, committed 9088K, reserved 1114112K
  class space    used 1118K, committed 1216K, reserved 1048576K
}
Event: 1.045 GC heap before
{Heap before GC invocations=5 (full 0):
 garbage-first heap   total 260096K, used 126527K [0x0000000702400000, 0x0000000800000000)
  region size 2048K, 3 young (6144K), 2 survivors (4096K)
 Metaspace       used 8827K, committed 9088K, reserved 1114112K
  class space    used 1118K, committed 1216K, reserved 1048576K
}
Event: 1.047 GC heap after
{Heap after GC invocations=6 (full 0):
 garbage-first heap   total 260096K, used 126371K [0x0000000702400000, 0x0000000800000000)
  region size 2048K, 2 young (4096K), 2 survivors (4096K)
 Metaspace       used 8827K, committed 9088K, reserved 1114112K
  class space    used 1118K, committed 1216K, reserved 1048576K
}
Event: 1.054 GC heap before
{Heap before GC invocations=7 (full 0):
 garbage-first heap   total 260096K, used 128419K [0x0000000702400000, 0x0000000800000000)
  region size 2048K, 3 young (6144K), 2 survivors (4096K)
 Metaspace       used 8827K, committed 9088K, reserved 1114112K
  class space    used 1118K, committed 1216K, reserved 1048576K
}
Event: 1.055 GC heap after
{Heap after GC invocations=8 (full 0):
 garbage-first heap   total 260096K, used 128474K [0x0000000702400000, 0x0000000800000000)
  region size 2048K, 2 young (4096K), 2 survivors (4096K)
 Metaspace       used 8827K, committed 9088K, reserved 1114112K
  class space    used 1118K, committed 1216K, reserved 1048576K
}
Event: 1.063 GC heap before
{Heap before GC invocations=9 (full 0):
 garbage-first heap   total 260096K, used 132570K [0x0000000702400000, 0x0000000800000000)
  region size 2048K, 3 young (6144K), 2 survivors (4096K)
 Metaspace       used 8827K, committed 9088K, reserved 1114112K
  class space    used 1118K, committed 1216K, reserved 1048576K
}
Event: 1.065 GC heap after
{Heap after GC invocations=10 (full 0):
 garbage-first heap   total 520192K, used 132606K [0x0000000702400000, 0x0000000800000000)
  region size 2048K, 2 young (4096K), 2 survivors (4096K)
 Metaspace       used 8827K, committed 9088K, reserved 1114112K
  class space    used 1118K, committed 1216K, reserved 1048576K
}
Event: 1.284 GC heap before
{Heap before GC invocations=10 (full 0):
 garbage-first heap   total 520192K, used 255486K [0x0000000702400000, 0x0000000800000000)
  region size 2048K, 14 young (28672K), 2 survivors (4096K)
 Metaspace       used 8890K, committed 9088K, reserved 1114112K
  class space    used 1132K, committed 1216K, reserved 1048576K
}
Event: 1.286 GC heap after
{Heap after GC invocations=11 (full 0):
 garbage-first heap   total 520192K, used 230819K [0x0000000702400000, 0x0000000800000000)
  region size 2048K, 2 young (4096K), 2 survivors (4096K)
 Metaspace       used 8890K, committed 9088K, reserved 1114112K
  class space    used 1132K, committed 1216K, reserved 1048576K
}
Event: 1.290 GC heap before
{Heap before GC invocations=11 (full 0):
 garbage-first heap   total 520192K, used 234915K [0x0000000702400000, 0x0000000800000000)
  region size 2048K, 3 young (6144K), 2 survivors (4096K)
 Metaspace       used 8890K, committed 9088K, reserved 1114112K
  class space    used 1132K, committed 1216K, reserved 1048576K
}
Event: 1.292 GC heap after
{Heap after GC invocations=12 (full 0):
 garbage-first heap   total 520192K, used 234914K [0x0000000702400000, 0x0000000800000000)
  region size 2048K, 2 young (4096K), 2 survivors (4096K)
 Metaspace       used 8890K, committed 9088K, reserved 1114112K
  class space    used 1132K, committed 1216K, reserved 1048576K
}
Event: 1.295 GC heap before
{Heap before GC invocations=12 (full 0):
 garbage-first heap   total 520192K, used 236962K [0x0000000702400000, 0x0000000800000000)
  region size 2048K, 3 young (6144K), 2 survivors (4096K)
 Metaspace       used 8890K, committed 9088K, reserved 1114112K
  class space    used 1132K, committed 1216K, reserved 1048576K
}
Event: 1.297 GC heap after
{Heap after GC invocations=13 (full 0):
 garbage-first heap   total 520192K, used 236987K [0x0000000702400000, 0x0000000800000000)
  region size 2048K, 2 young (4096K), 2 survivors (4096K)
 Metaspace       used 8890K, committed 9088K, reserved 1114112K
  class space    used 1132K, committed 1216K, reserved 1048576K
}
Event: 1.304 GC heap before
{Heap before GC invocations=14 (full 0):
 garbage-first heap   total 520192K, used 243131K [0x0000000702400000, 0x0000000800000000)
  region size 2048K, 3 young (6144K), 2 survivors (4096K)
 Metaspace       used 8890K, committed 9088K, reserved 1114112K
  class space    used 1132K, committed 1216K, reserved 1048576K
}
Event: 1.306 GC heap after
{Heap after GC invocations=15 (full 0):
 garbage-first heap   total 520192K, used 243098K [0x0000000702400000, 0x0000000800000000)
  region size 2048K, 2 young (4096K), 2 survivors (4096K)
 Metaspace       used 8890K, committed 9088K, reserved 1114112K
  class space    used 1132K, committed 1216K, reserved 1048576K
}
Event: 1.314 GC heap before
{Heap before GC invocations=16 (full 0):
 garbage-first heap   total 520192K, used 249242K [0x0000000702400000, 0x0000000800000000)
  region size 2048K, 3 young (6144K), 2 survivors (4096K)
 Metaspace       used 8890K, committed 9088K, reserved 1114112K
  class space    used 1132K, committed 1216K, reserved 1048576K
}

